Determining if the pthread_create exist failed with the following output:
Change Dir: /home/duartecdias/ros/quad_control/ethzasl_sensor_fusion/sensor_fusion_comm/build/CMakeFiles/CMakeTmp

Run Build Command:/usr/bin/make "cmTryCompileExec4145983684/fast"
make[1]: Entering directory `/home/duartecdias/ros/quad_control/ethzasl_sensor_fusion/sensor_fusion_comm/build/CMakeFiles/CMakeTmp'
/usr/bin/make -f CMakeFiles/cmTryCompileExec4145983684.dir/build.make CMakeFiles/cmTryCompileExec4145983684.dir/build
make[2]: Entering directory `/home/duartecdias/ros/quad_control/ethzasl_sensor_fusion/sensor_fusion_comm/build/CMakeFiles/CMakeTmp'
/usr/bin/cmake -E cmake_progress_report /home/duartecdias/ros/quad_control/ethzasl_sensor_fusion/sensor_fusion_comm/build/CMakeFiles/CMakeTmp/CMakeFiles 1
Building C object CMakeFiles/cmTryCompileExec4145983684.dir/CheckSymbolExists.c.o
/usr/bin/cc    -o CMakeFiles/cmTryCompileExec4145983684.dir/CheckSymbolExists.c.o   -c /home/duartecdias/ros/quad_control/ethzasl_sensor_fusion/sensor_fusion_comm/build/CMakeFiles/CMakeTmp/CheckSymbolExists.c
Linking C executable cmTryCompileExec4145983684
/usr/bin/cmake -E cmake_link_script CMakeFiles/cmTryCompileExec4145983684.dir/link.txt --verbose=1
/usr/bin/cc       CMakeFiles/cmTryCompileExec4145983684.dir/CheckSymbolExists.c.o  -o cmTryCompileExec4145983684 -rdynamic 
CMakeFiles/cmTryCompileExec4145983684.dir/CheckSymbolExists.c.o: In function `main':
CheckSymbolExists.c:(.text+0x16): undefined reference to `pthread_create'
collect2: error: ld returned 1 exit status
make[2]: *** [cmTryCompileExec4145983684] Error 1
make[2]: Leaving directory `/home/duartecdias/ros/quad_control/ethzasl_sensor_fusion/sensor_fusion_comm/build/CMakeFiles/CMakeTmp'
make[1]: *** [cmTryCompileExec4145983684/fast] Error 2
make[1]: Leaving directory `/home/duartecdias/ros/quad_control/ethzasl_sensor_fusion/sensor_fusion_comm/build/CMakeFiles/CMakeTmp'

File /home/duartecdias/ros/quad_control/ethzasl_sensor_fusion/sensor_fusion_comm/build/CMakeFiles/CMakeTmp/CheckSymbolExists.c:
/* */
#include <pthread.h>

int main(int argc, char** argv)
{
  (void)argv;
#ifndef pthread_create
  return ((int*)(&pthread_create))[argc];
#else
  (void)argc;
  return 0;
#endif
}

Determining if the function pthread_create exists in the pthreads failed with the following output:
Change Dir: /home/duartecdias/ros/quad_control/ethzasl_sensor_fusion/sensor_fusion_comm/build/CMakeFiles/CMakeTmp

Run Build Command:/usr/bin/make "cmTryCompileExec2222533490/fast"
make[1]: Entering directory `/home/duartecdias/ros/quad_control/ethzasl_sensor_fusion/sensor_fusion_comm/build/CMakeFiles/CMakeTmp'
/usr/bin/make -f CMakeFiles/cmTryCompileExec2222533490.dir/build.make CMakeFiles/cmTryCompileExec2222533490.dir/build
make[2]: Entering directory `/home/duartecdias/ros/quad_control/ethzasl_sensor_fusion/sensor_fusion_comm/build/CMakeFiles/CMakeTmp'
/usr/bin/cmake -E cmake_progress_report /home/duartecdias/ros/quad_control/ethzasl_sensor_fusion/sensor_fusion_comm/build/CMakeFiles/CMakeTmp/CMakeFiles 1
Building C object CMakeFiles/cmTryCompileExec2222533490.dir/CheckFunctionExists.c.o
/usr/bin/cc   -DCHECK_FUNCTION_EXISTS=pthread_create   -o CMakeFiles/cmTryCompileExec2222533490.dir/CheckFunctionExists.c.o   -c /usr/share/cmake-2.8/Modules/CheckFunctionExists.c
Linking C executable cmTryCompileExec2222533490
/usr/bin/cmake -E cmake_link_script CMakeFiles/cmTryCompileExec2222533490.dir/link.txt --verbose=1
/usr/bin/cc   -DCHECK_FUNCTION_EXISTS=pthread_create    CMakeFiles/cmTryCompileExec2222533490.dir/CheckFunctionExists.c.o  -o cmTryCompileExec2222533490 -rdynamic -lpthreads 
/usr/bin/ld: cannot find -lpthreads
collect2: error: ld returned 1 exit status
make[2]: *** [cmTryCompileExec2222533490] Error 1
make[2]: Leaving directory `/home/duartecdias/ros/quad_control/ethzasl_sensor_fusion/sensor_fusion_comm/build/CMakeFiles/CMakeTmp'
make[1]: *** [cmTryCompileExec2222533490/fast] Error 2
make[1]: Leaving directory `/home/duartecdias/ros/quad_control/ethzasl_sensor_fusion/sensor_fusion_comm/build/CMakeFiles/CMakeTmp'


