Determining if the pthread_create exist failed with the following output:
Change Dir: /home/pedro/ros/px-ros-pkg/px_comm/build/CMakeFiles/CMakeTmp

Run Build Command:"/usr/bin/make" "cmTryCompileExec3096154203/fast"
make[1]: Entering directory `/home/pedro/ros/px-ros-pkg/px_comm/build/CMakeFiles/CMakeTmp'
/usr/bin/make -f CMakeFiles/cmTryCompileExec3096154203.dir/build.make CMakeFiles/cmTryCompileExec3096154203.dir/build
make[2]: Entering directory `/home/pedro/ros/px-ros-pkg/px_comm/build/CMakeFiles/CMakeTmp'
/usr/bin/cmake -E cmake_progress_report /home/pedro/ros/px-ros-pkg/px_comm/build/CMakeFiles/CMakeTmp/CMakeFiles 1
Building C object CMakeFiles/cmTryCompileExec3096154203.dir/CheckSymbolExists.c.o
/usr/bin/cc    -o CMakeFiles/cmTryCompileExec3096154203.dir/CheckSymbolExists.c.o   -c /home/pedro/ros/px-ros-pkg/px_comm/build/CMakeFiles/CMakeTmp/CheckSymbolExists.c
Linking C executable cmTryCompileExec3096154203
/usr/bin/cmake -E cmake_link_script CMakeFiles/cmTryCompileExec3096154203.dir/link.txt --verbose=1
/usr/bin/cc       CMakeFiles/cmTryCompileExec3096154203.dir/CheckSymbolExists.c.o  -o cmTryCompileExec3096154203 -rdynamic 
CMakeFiles/cmTryCompileExec3096154203.dir/CheckSymbolExists.c.o: In function `main':
CheckSymbolExists.c:(.text+0x16): undefined reference to `pthread_create'
collect2: error: ld returned 1 exit status
make[2]: Leaving directory `/home/pedro/ros/px-ros-pkg/px_comm/build/CMakeFiles/CMakeTmp'
make[1]: Leaving directory `/home/pedro/ros/px-ros-pkg/px_comm/build/CMakeFiles/CMakeTmp'
make[2]: *** [cmTryCompileExec3096154203] Error 1
make[1]: *** [cmTryCompileExec3096154203/fast] Error 2

File /home/pedro/ros/px-ros-pkg/px_comm/build/CMakeFiles/CMakeTmp/CheckSymbolExists.c:
/* */
#include <pthread.h>

int main(int argc, char** argv)
{
  (void)argv;
#ifndef pthread_create
  return ((int*)(&pthread_create))[argc];
#else
  (void)argc;
  return 0;
#endif
}

Determining if the function pthread_create exists in the pthreads failed with the following output:
Change Dir: /home/pedro/ros/px-ros-pkg/px_comm/build/CMakeFiles/CMakeTmp

Run Build Command:"/usr/bin/make" "cmTryCompileExec2143712849/fast"
make[1]: Entering directory `/home/pedro/ros/px-ros-pkg/px_comm/build/CMakeFiles/CMakeTmp'
/usr/bin/make -f CMakeFiles/cmTryCompileExec2143712849.dir/build.make CMakeFiles/cmTryCompileExec2143712849.dir/build
make[2]: Entering directory `/home/pedro/ros/px-ros-pkg/px_comm/build/CMakeFiles/CMakeTmp'
/usr/bin/cmake -E cmake_progress_report /home/pedro/ros/px-ros-pkg/px_comm/build/CMakeFiles/CMakeTmp/CMakeFiles 1
Building C object CMakeFiles/cmTryCompileExec2143712849.dir/CheckFunctionExists.c.o
/usr/bin/cc   -DCHECK_FUNCTION_EXISTS=pthread_create   -o CMakeFiles/cmTryCompileExec2143712849.dir/CheckFunctionExists.c.o   -c /usr/share/cmake-3.2/Modules/CheckFunctionExists.c
Linking C executable cmTryCompileExec2143712849
/usr/bin/cmake -E cmake_link_script CMakeFiles/cmTryCompileExec2143712849.dir/link.txt --verbose=1
/usr/bin/cc   -DCHECK_FUNCTION_EXISTS=pthread_create    CMakeFiles/cmTryCompileExec2143712849.dir/CheckFunctionExists.c.o  -o cmTryCompileExec2143712849 -rdynamic -lpthreads 
/usr/bin/ld: cannot find -lpthreads
collect2: error: ld returned 1 exit status
make[2]: Leaving directory `/home/pedro/ros/px-ros-pkg/px_comm/build/CMakeFiles/CMakeTmp'
make[1]: Leaving directory `/home/pedro/ros/px-ros-pkg/px_comm/build/CMakeFiles/CMakeTmp'
make[2]: *** [cmTryCompileExec2143712849] Error 1
make[1]: *** [cmTryCompileExec2143712849/fast] Error 2


Determining if the pthread_create exist failed with the following output:
Change Dir: /home/pedro/quadcopter/ros/px-ros-pkg/px_comm/build/CMakeFiles/CMakeTmp

Run Build Command:"/usr/bin/make" "cmTryCompileExec200405371/fast"
make[1]: Entering directory `/home/pedro/quadcopter/ros/px-ros-pkg/px_comm/build/CMakeFiles/CMakeTmp'
/usr/bin/make -f CMakeFiles/cmTryCompileExec200405371.dir/build.make CMakeFiles/cmTryCompileExec200405371.dir/build
make[2]: Entering directory `/home/pedro/quadcopter/ros/px-ros-pkg/px_comm/build/CMakeFiles/CMakeTmp'
/usr/bin/cmake -E cmake_progress_report /home/pedro/quadcopter/ros/px-ros-pkg/px_comm/build/CMakeFiles/CMakeTmp/CMakeFiles 1
Building C object CMakeFiles/cmTryCompileExec200405371.dir/CheckSymbolExists.c.o
/usr/bin/cc    -o CMakeFiles/cmTryCompileExec200405371.dir/CheckSymbolExists.c.o   -c /home/pedro/quadcopter/ros/px-ros-pkg/px_comm/build/CMakeFiles/CMakeTmp/CheckSymbolExists.c
Linking C executable cmTryCompileExec200405371
/usr/bin/cmake -E cmake_link_script CMakeFiles/cmTryCompileExec200405371.dir/link.txt --verbose=1
/usr/bin/cc       CMakeFiles/cmTryCompileExec200405371.dir/CheckSymbolExists.c.o  -o cmTryCompileExec200405371 -rdynamic 
CMakeFiles/cmTryCompileExec200405371.dir/CheckSymbolExists.c.o: In function `main':
CheckSymbolExists.c:(.text+0x16): undefined reference to `pthread_create'
collect2: error: ld returned 1 exit status
make[2]: Leaving directory `/home/pedro/quadcopter/ros/px-ros-pkg/px_comm/build/CMakeFiles/CMakeTmp'
make[1]: Leaving directory `/home/pedro/quadcopter/ros/px-ros-pkg/px_comm/build/CMakeFiles/CMakeTmp'
make[2]: *** [cmTryCompileExec200405371] Error 1
make[1]: *** [cmTryCompileExec200405371/fast] Error 2

File /home/pedro/quadcopter/ros/px-ros-pkg/px_comm/build/CMakeFiles/CMakeTmp/CheckSymbolExists.c:
/* */
#include <pthread.h>

int main(int argc, char** argv)
{
  (void)argv;
#ifndef pthread_create
  return ((int*)(&pthread_create))[argc];
#else
  (void)argc;
  return 0;
#endif
}

Determining if the function pthread_create exists in the pthreads failed with the following output:
Change Dir: /home/pedro/quadcopter/ros/px-ros-pkg/px_comm/build/CMakeFiles/CMakeTmp

Run Build Command:"/usr/bin/make" "cmTryCompileExec3843735666/fast"
make[1]: Entering directory `/home/pedro/quadcopter/ros/px-ros-pkg/px_comm/build/CMakeFiles/CMakeTmp'
/usr/bin/make -f CMakeFiles/cmTryCompileExec3843735666.dir/build.make CMakeFiles/cmTryCompileExec3843735666.dir/build
make[2]: Entering directory `/home/pedro/quadcopter/ros/px-ros-pkg/px_comm/build/CMakeFiles/CMakeTmp'
/usr/bin/cmake -E cmake_progress_report /home/pedro/quadcopter/ros/px-ros-pkg/px_comm/build/CMakeFiles/CMakeTmp/CMakeFiles 1
Building C object CMakeFiles/cmTryCompileExec3843735666.dir/CheckFunctionExists.c.o
/usr/bin/cc   -DCHECK_FUNCTION_EXISTS=pthread_create   -o CMakeFiles/cmTryCompileExec3843735666.dir/CheckFunctionExists.c.o   -c /usr/share/cmake-3.2/Modules/CheckFunctionExists.c
Linking C executable cmTryCompileExec3843735666
/usr/bin/cmake -E cmake_link_script CMakeFiles/cmTryCompileExec3843735666.dir/link.txt --verbose=1
/usr/bin/cc   -DCHECK_FUNCTION_EXISTS=pthread_create    CMakeFiles/cmTryCompileExec3843735666.dir/CheckFunctionExists.c.o  -o cmTryCompileExec3843735666 -rdynamic -lpthreads 
/usr/bin/ld: cannot find -lpthreads
collect2: error: ld returned 1 exit status
make[2]: Leaving directory `/home/pedro/quadcopter/ros/px-ros-pkg/px_comm/build/CMakeFiles/CMakeTmp'
make[1]: Leaving directory `/home/pedro/quadcopter/ros/px-ros-pkg/px_comm/build/CMakeFiles/CMakeTmp'
make[2]: *** [cmTryCompileExec3843735666] Error 1
make[1]: *** [cmTryCompileExec3843735666/fast] Error 2


