Determining if the pthread_create exist failed with the following output:
Change Dir: /home/pedro/quadcopter/rosbuild/cam/build/CMakeFiles/CMakeTmp

Run Build Command:"/usr/bin/make" "cmTryCompileExec1003444424/fast"
make[1]: Entering directory `/home/pedro/quadcopter/rosbuild/cam/build/CMakeFiles/CMakeTmp'
/usr/bin/make -f CMakeFiles/cmTryCompileExec1003444424.dir/build.make CMakeFiles/cmTryCompileExec1003444424.dir/build
make[2]: Entering directory `/home/pedro/quadcopter/rosbuild/cam/build/CMakeFiles/CMakeTmp'
/usr/bin/cmake -E cmake_progress_report /home/pedro/quadcopter/rosbuild/cam/build/CMakeFiles/CMakeTmp/CMakeFiles 1
Building C object CMakeFiles/cmTryCompileExec1003444424.dir/CheckSymbolExists.c.o
/usr/bin/cc    -o CMakeFiles/cmTryCompileExec1003444424.dir/CheckSymbolExists.c.o   -c /home/pedro/quadcopter/rosbuild/cam/build/CMakeFiles/CMakeTmp/CheckSymbolExists.c
Linking C executable cmTryCompileExec1003444424
/usr/bin/cmake -E cmake_link_script CMakeFiles/cmTryCompileExec1003444424.dir/link.txt --verbose=1
/usr/bin/cc       CMakeFiles/cmTryCompileExec1003444424.dir/CheckSymbolExists.c.o  -o cmTryCompileExec1003444424 -rdynamic 
CMakeFiles/cmTryCompileExec1003444424.dir/CheckSymbolExists.c.o: In function `main':
CheckSymbolExists.c:(.text+0x16): undefined reference to `pthread_create'
collect2: error: ld returned 1 exit status
make[2]: Leaving directory `/home/pedro/quadcopter/rosbuild/cam/build/CMakeFiles/CMakeTmp'
make[1]: Leaving directory `/home/pedro/quadcopter/rosbuild/cam/build/CMakeFiles/CMakeTmp'
make[2]: *** [cmTryCompileExec1003444424] Error 1
make[1]: *** [cmTryCompileExec1003444424/fast] Error 2

File /home/pedro/quadcopter/rosbuild/cam/build/CMakeFiles/CMakeTmp/CheckSymbolExists.c:
/* */
#include <pthread.h>

int main(int argc, char** argv)
{
  (void)argv;
#ifndef pthread_create
  return ((int*)(&pthread_create))[argc];
#else
  (void)argc;
  return 0;
#endif
}

Determining if the function pthread_create exists in the pthreads failed with the following output:
Change Dir: /home/pedro/quadcopter/rosbuild/cam/build/CMakeFiles/CMakeTmp

Run Build Command:"/usr/bin/make" "cmTryCompileExec3647594199/fast"
make[1]: Entering directory `/home/pedro/quadcopter/rosbuild/cam/build/CMakeFiles/CMakeTmp'
/usr/bin/make -f CMakeFiles/cmTryCompileExec3647594199.dir/build.make CMakeFiles/cmTryCompileExec3647594199.dir/build
make[2]: Entering directory `/home/pedro/quadcopter/rosbuild/cam/build/CMakeFiles/CMakeTmp'
/usr/bin/cmake -E cmake_progress_report /home/pedro/quadcopter/rosbuild/cam/build/CMakeFiles/CMakeTmp/CMakeFiles 1
Building C object CMakeFiles/cmTryCompileExec3647594199.dir/CheckFunctionExists.c.o
/usr/bin/cc   -DCHECK_FUNCTION_EXISTS=pthread_create   -o CMakeFiles/cmTryCompileExec3647594199.dir/CheckFunctionExists.c.o   -c /usr/share/cmake-3.2/Modules/CheckFunctionExists.c
Linking C executable cmTryCompileExec3647594199
/usr/bin/cmake -E cmake_link_script CMakeFiles/cmTryCompileExec3647594199.dir/link.txt --verbose=1
/usr/bin/cc   -DCHECK_FUNCTION_EXISTS=pthread_create    CMakeFiles/cmTryCompileExec3647594199.dir/CheckFunctionExists.c.o  -o cmTryCompileExec3647594199 -rdynamic -lpthreads 
/usr/bin/ld: cannot find -lpthreads
make[2]: Leaving directory `/home/pedro/quadcopter/rosbuild/cam/build/CMakeFiles/CMakeTmp'
make[1]: Leaving directory `/home/pedro/quadcopter/rosbuild/cam/build/CMakeFiles/CMakeTmp'
collect2: error: ld returned 1 exit status
make[2]: *** [cmTryCompileExec3647594199] Error 1
make[1]: *** [cmTryCompileExec3647594199/fast] Error 2


Determining if the Q_WS_WIN exist failed with the following output:
Change Dir: /home/pedro/quadcopter/rosbuild/cam/build/CMakeFiles/CMakeTmp

Run Build Command:"/usr/bin/make" "cmTryCompileExec451742626/fast"
make[1]: Entering directory `/home/pedro/quadcopter/rosbuild/cam/build/CMakeFiles/CMakeTmp'
/usr/bin/make -f CMakeFiles/cmTryCompileExec451742626.dir/build.make CMakeFiles/cmTryCompileExec451742626.dir/build
make[2]: Entering directory `/home/pedro/quadcopter/rosbuild/cam/build/CMakeFiles/CMakeTmp'
/usr/bin/cmake -E cmake_progress_report /home/pedro/quadcopter/rosbuild/cam/build/CMakeFiles/CMakeTmp/CMakeFiles 1
Building CXX object CMakeFiles/cmTryCompileExec451742626.dir/CheckSymbolExists.cxx.o
/usr/bin/c++    -std=c++11  -I/usr/include/qt4    -o CMakeFiles/cmTryCompileExec451742626.dir/CheckSymbolExists.cxx.o -c /home/pedro/quadcopter/rosbuild/cam/build/CMakeFiles/CMakeTmp/CheckSymbolExists.cxx
/home/pedro/quadcopter/rosbuild/cam/build/CMakeFiles/CMakeTmp/CheckSymbolExists.cxx: In function ‘int main(int, char**)’:
/home/pedro/quadcopter/rosbuild/cam/build/CMakeFiles/CMakeTmp/CheckSymbolExists.cxx:8:19: error: ‘Q_WS_WIN’ was not declared in this scope
   return ((int*)(&Q_WS_WIN))[argc];
                   ^
make[2]: Leaving directory `/home/pedro/quadcopter/rosbuild/cam/build/CMakeFiles/CMakeTmp'
make[2]: *** [CMakeFiles/cmTryCompileExec451742626.dir/CheckSymbolExists.cxx.o] Error 1
make[1]: Leaving directory `/home/pedro/quadcopter/rosbuild/cam/build/CMakeFiles/CMakeTmp'
make[1]: *** [cmTryCompileExec451742626/fast] Error 2

File /home/pedro/quadcopter/rosbuild/cam/build/CMakeFiles/CMakeTmp/CheckSymbolExists.cxx:
/* */
#include <QtCore/qglobal.h>

int main(int argc, char** argv)
{
  (void)argv;
#ifndef Q_WS_WIN
  return ((int*)(&Q_WS_WIN))[argc];
#else
  (void)argc;
  return 0;
#endif
}

Determining if the Q_WS_QWS exist failed with the following output:
Change Dir: /home/pedro/quadcopter/rosbuild/cam/build/CMakeFiles/CMakeTmp

Run Build Command:"/usr/bin/make" "cmTryCompileExec3335368867/fast"
make[1]: Entering directory `/home/pedro/quadcopter/rosbuild/cam/build/CMakeFiles/CMakeTmp'
/usr/bin/make -f CMakeFiles/cmTryCompileExec3335368867.dir/build.make CMakeFiles/cmTryCompileExec3335368867.dir/build
make[2]: Entering directory `/home/pedro/quadcopter/rosbuild/cam/build/CMakeFiles/CMakeTmp'
/usr/bin/cmake -E cmake_progress_report /home/pedro/quadcopter/rosbuild/cam/build/CMakeFiles/CMakeTmp/CMakeFiles 1
Building CXX object CMakeFiles/cmTryCompileExec3335368867.dir/CheckSymbolExists.cxx.o
/usr/bin/c++    -std=c++11  -I/usr/include/qt4    -o CMakeFiles/cmTryCompileExec3335368867.dir/CheckSymbolExists.cxx.o -c /home/pedro/quadcopter/rosbuild/cam/build/CMakeFiles/CMakeTmp/CheckSymbolExists.cxx
/home/pedro/quadcopter/rosbuild/cam/build/CMakeFiles/CMakeTmp/CheckSymbolExists.cxx: In function ‘int main(int, char**)’:
/home/pedro/quadcopter/rosbuild/cam/build/CMakeFiles/CMakeTmp/CheckSymbolExists.cxx:8:19: error: ‘Q_WS_QWS’ was not declared in this scope
   return ((int*)(&Q_WS_QWS))[argc];
                   ^
make[2]: Leaving directory `/home/pedro/quadcopter/rosbuild/cam/build/CMakeFiles/CMakeTmp'
make[2]: *** [CMakeFiles/cmTryCompileExec3335368867.dir/CheckSymbolExists.cxx.o] Error 1
make[1]: Leaving directory `/home/pedro/quadcopter/rosbuild/cam/build/CMakeFiles/CMakeTmp'
make[1]: *** [cmTryCompileExec3335368867/fast] Error 2

File /home/pedro/quadcopter/rosbuild/cam/build/CMakeFiles/CMakeTmp/CheckSymbolExists.cxx:
/* */
#include <QtCore/qglobal.h>

int main(int argc, char** argv)
{
  (void)argv;
#ifndef Q_WS_QWS
  return ((int*)(&Q_WS_QWS))[argc];
#else
  (void)argc;
  return 0;
#endif
}

Determining if the Q_WS_MAC exist failed with the following output:
Change Dir: /home/pedro/quadcopter/rosbuild/cam/build/CMakeFiles/CMakeTmp

Run Build Command:"/usr/bin/make" "cmTryCompileExec1602717619/fast"
make[1]: Entering directory `/home/pedro/quadcopter/rosbuild/cam/build/CMakeFiles/CMakeTmp'
/usr/bin/make -f CMakeFiles/cmTryCompileExec1602717619.dir/build.make CMakeFiles/cmTryCompileExec1602717619.dir/build
make[2]: Entering directory `/home/pedro/quadcopter/rosbuild/cam/build/CMakeFiles/CMakeTmp'
/usr/bin/cmake -E cmake_progress_report /home/pedro/quadcopter/rosbuild/cam/build/CMakeFiles/CMakeTmp/CMakeFiles 1
Building CXX object CMakeFiles/cmTryCompileExec1602717619.dir/CheckSymbolExists.cxx.o
/usr/bin/c++    -std=c++11  -I/usr/include/qt4    -o CMakeFiles/cmTryCompileExec1602717619.dir/CheckSymbolExists.cxx.o -c /home/pedro/quadcopter/rosbuild/cam/build/CMakeFiles/CMakeTmp/CheckSymbolExists.cxx
/home/pedro/quadcopter/rosbuild/cam/build/CMakeFiles/CMakeTmp/CheckSymbolExists.cxx: In function ‘int main(int, char**)’:
/home/pedro/quadcopter/rosbuild/cam/build/CMakeFiles/CMakeTmp/CheckSymbolExists.cxx:8:19: error: ‘Q_WS_MAC’ was not declared in this scope
   return ((int*)(&Q_WS_MAC))[argc];
                   ^
make[2]: Leaving directory `/home/pedro/quadcopter/rosbuild/cam/build/CMakeFiles/CMakeTmp'
make[2]: *** [CMakeFiles/cmTryCompileExec1602717619.dir/CheckSymbolExists.cxx.o] Error 1
make[1]: Leaving directory `/home/pedro/quadcopter/rosbuild/cam/build/CMakeFiles/CMakeTmp'
make[1]: *** [cmTryCompileExec1602717619/fast] Error 2

File /home/pedro/quadcopter/rosbuild/cam/build/CMakeFiles/CMakeTmp/CheckSymbolExists.cxx:
/* */
#include <QtCore/qglobal.h>

int main(int argc, char** argv)
{
  (void)argv;
#ifndef Q_WS_MAC
  return ((int*)(&Q_WS_MAC))[argc];
#else
  (void)argc;
  return 0;
#endif
}

