Determining if the pthread_create exist failed with the following output:
Change Dir: /home/duartecdias/ros/quad_control/ethzasl_sensor_fusion/ssf_core/build/CMakeFiles/CMakeTmp

Run Build Command:/usr/bin/make "cmTryCompileExec3531126502/fast"
make[1]: Entering directory `/home/duartecdias/ros/quad_control/ethzasl_sensor_fusion/ssf_core/build/CMakeFiles/CMakeTmp'
/usr/bin/make -f CMakeFiles/cmTryCompileExec3531126502.dir/build.make CMakeFiles/cmTryCompileExec3531126502.dir/build
make[2]: Entering directory `/home/duartecdias/ros/quad_control/ethzasl_sensor_fusion/ssf_core/build/CMakeFiles/CMakeTmp'
/usr/bin/cmake -E cmake_progress_report /home/duartecdias/ros/quad_control/ethzasl_sensor_fusion/ssf_core/build/CMakeFiles/CMakeTmp/CMakeFiles 1
Building C object CMakeFiles/cmTryCompileExec3531126502.dir/CheckSymbolExists.c.o
/usr/bin/cc    -o CMakeFiles/cmTryCompileExec3531126502.dir/CheckSymbolExists.c.o   -c /home/duartecdias/ros/quad_control/ethzasl_sensor_fusion/ssf_core/build/CMakeFiles/CMakeTmp/CheckSymbolExists.c
Linking C executable cmTryCompileExec3531126502
/usr/bin/cmake -E cmake_link_script CMakeFiles/cmTryCompileExec3531126502.dir/link.txt --verbose=1
/usr/bin/cc       CMakeFiles/cmTryCompileExec3531126502.dir/CheckSymbolExists.c.o  -o cmTryCompileExec3531126502 -rdynamic 
CMakeFiles/cmTryCompileExec3531126502.dir/CheckSymbolExists.c.o: In function `main':
CheckSymbolExists.c:(.text+0x16): undefined reference to `pthread_create'
collect2: error: ld returned 1 exit status
make[2]: *** [cmTryCompileExec3531126502] Error 1
make[2]: Leaving directory `/home/duartecdias/ros/quad_control/ethzasl_sensor_fusion/ssf_core/build/CMakeFiles/CMakeTmp'
make[1]: *** [cmTryCompileExec3531126502/fast] Error 2
make[1]: Leaving directory `/home/duartecdias/ros/quad_control/ethzasl_sensor_fusion/ssf_core/build/CMakeFiles/CMakeTmp'

File /home/duartecdias/ros/quad_control/ethzasl_sensor_fusion/ssf_core/build/CMakeFiles/CMakeTmp/CheckSymbolExists.c:
/* */
#include <pthread.h>

int main(int argc, char** argv)
{
  (void)argv;
#ifndef pthread_create
  return ((int*)(&pthread_create))[argc];
#else
  (void)argc;
  return 0;
#endif
}

Determining if the function pthread_create exists in the pthreads failed with the following output:
Change Dir: /home/duartecdias/ros/quad_control/ethzasl_sensor_fusion/ssf_core/build/CMakeFiles/CMakeTmp

Run Build Command:/usr/bin/make "cmTryCompileExec2159029752/fast"
make[1]: Entering directory `/home/duartecdias/ros/quad_control/ethzasl_sensor_fusion/ssf_core/build/CMakeFiles/CMakeTmp'
/usr/bin/make -f CMakeFiles/cmTryCompileExec2159029752.dir/build.make CMakeFiles/cmTryCompileExec2159029752.dir/build
make[2]: Entering directory `/home/duartecdias/ros/quad_control/ethzasl_sensor_fusion/ssf_core/build/CMakeFiles/CMakeTmp'
/usr/bin/cmake -E cmake_progress_report /home/duartecdias/ros/quad_control/ethzasl_sensor_fusion/ssf_core/build/CMakeFiles/CMakeTmp/CMakeFiles 1
Building C object CMakeFiles/cmTryCompileExec2159029752.dir/CheckFunctionExists.c.o
/usr/bin/cc   -DCHECK_FUNCTION_EXISTS=pthread_create   -o CMakeFiles/cmTryCompileExec2159029752.dir/CheckFunctionExists.c.o   -c /usr/share/cmake-2.8/Modules/CheckFunctionExists.c
Linking C executable cmTryCompileExec2159029752
/usr/bin/cmake -E cmake_link_script CMakeFiles/cmTryCompileExec2159029752.dir/link.txt --verbose=1
/usr/bin/cc   -DCHECK_FUNCTION_EXISTS=pthread_create    CMakeFiles/cmTryCompileExec2159029752.dir/CheckFunctionExists.c.o  -o cmTryCompileExec2159029752 -rdynamic -lpthreads 
/usr/bin/ld: cannot find -lpthreads
collect2: error: ld returned 1 exit status
make[2]: Leaving directory `/home/duartecdias/ros/quad_control/ethzasl_sensor_fusion/ssf_core/build/CMakeFiles/CMakeTmp'
make[2]: *** [cmTryCompileExec2159029752] Error 1
make[1]: *** [cmTryCompileExec2159029752/fast] Error 2
make[1]: Leaving directory `/home/duartecdias/ros/quad_control/ethzasl_sensor_fusion/ssf_core/build/CMakeFiles/CMakeTmp'


