Determining if the pthread_create exist failed with the following output:
Change Dir: /home/ubuntu/quadcopter/ros/laser/build/CMakeFiles/CMakeTmp

Run Build Command:/usr/bin/make "cmTryCompileExec308071808/fast"
make[1]: Entering directory `/home/ubuntu/quadcopter/ros/laser/build/CMakeFiles/CMakeTmp'
/usr/bin/make -f CMakeFiles/cmTryCompileExec308071808.dir/build.make CMakeFiles/cmTryCompileExec308071808.dir/build
make[2]: Entering directory `/home/ubuntu/quadcopter/ros/laser/build/CMakeFiles/CMakeTmp'
/usr/bin/cmake -E cmake_progress_report /home/ubuntu/quadcopter/ros/laser/build/CMakeFiles/CMakeTmp/CMakeFiles 1
Building C object CMakeFiles/cmTryCompileExec308071808.dir/CheckSymbolExists.c.o
/usr/bin/cc    -o CMakeFiles/cmTryCompileExec308071808.dir/CheckSymbolExists.c.o   -c /home/ubuntu/quadcopter/ros/laser/build/CMakeFiles/CMakeTmp/CheckSymbolExists.c
Linking C executable cmTryCompileExec308071808
/usr/bin/cmake -E cmake_link_script CMakeFiles/cmTryCompileExec308071808.dir/link.txt --verbose=1
/usr/bin/cc       CMakeFiles/cmTryCompileExec308071808.dir/CheckSymbolExists.c.o  -o cmTryCompileExec308071808 -rdynamic 
CMakeFiles/cmTryCompileExec308071808.dir/CheckSymbolExists.c.o: In function `main':
CheckSymbolExists.c:(.text+0xe): undefined reference to `pthread_create'
CheckSymbolExists.c:(.text+0x12): undefined reference to `pthread_create'
make[2]: Leaving directory `/home/ubuntu/quadcopter/ros/laser/build/CMakeFiles/CMakeTmp'
make[1]: Leaving directory `/home/ubuntu/quadcopter/ros/laser/build/CMakeFiles/CMakeTmp'
collect2: error: ld returned 1 exit status
make[2]: *** [cmTryCompileExec308071808] Error 1
make[1]: *** [cmTryCompileExec308071808/fast] Error 2

File /home/ubuntu/quadcopter/ros/laser/build/CMakeFiles/CMakeTmp/CheckSymbolExists.c:
/* */
#include <pthread.h>

int main(int argc, char** argv)
{
  (void)argv;
#ifndef pthread_create
  return ((int*)(&pthread_create))[argc];
#else
  (void)argc;
  return 0;
#endif
}

Determining if the function pthread_create exists in the pthreads failed with the following output:
Change Dir: /home/ubuntu/quadcopter/ros/laser/build/CMakeFiles/CMakeTmp

Run Build Command:/usr/bin/make "cmTryCompileExec3045291250/fast"
make[1]: Entering directory `/home/ubuntu/quadcopter/ros/laser/build/CMakeFiles/CMakeTmp'
/usr/bin/make -f CMakeFiles/cmTryCompileExec3045291250.dir/build.make CMakeFiles/cmTryCompileExec3045291250.dir/build
make[2]: Entering directory `/home/ubuntu/quadcopter/ros/laser/build/CMakeFiles/CMakeTmp'
/usr/bin/cmake -E cmake_progress_report /home/ubuntu/quadcopter/ros/laser/build/CMakeFiles/CMakeTmp/CMakeFiles 1
Building C object CMakeFiles/cmTryCompileExec3045291250.dir/CheckFunctionExists.c.o
/usr/bin/cc   -DCHECK_FUNCTION_EXISTS=pthread_create   -o CMakeFiles/cmTryCompileExec3045291250.dir/CheckFunctionExists.c.o   -c /usr/share/cmake-2.8/Modules/CheckFunctionExists.c
Linking C executable cmTryCompileExec3045291250
/usr/bin/cmake -E cmake_link_script CMakeFiles/cmTryCompileExec3045291250.dir/link.txt --verbose=1
/usr/bin/cc   -DCHECK_FUNCTION_EXISTS=pthread_create    CMakeFiles/cmTryCompileExec3045291250.dir/CheckFunctionExists.c.o  -o cmTryCompileExec3045291250 -rdynamic -lpthreads 
/usr/bin/ld: cannot find -lpthreads
make[2]: Leaving directory `/home/ubuntu/quadcopter/ros/laser/build/CMakeFiles/CMakeTmp'
make[1]: Leaving directory `/home/ubuntu/quadcopter/ros/laser/build/CMakeFiles/CMakeTmp'
collect2: error: ld returned 1 exit status
make[2]: *** [cmTryCompileExec3045291250] Error 1
make[1]: *** [cmTryCompileExec3045291250/fast] Error 2


