Determining if the pthread_create exist failed with the following output:
Change Dir: /home/pedro/quadcopter/rosbuild/px-ros-pkg/px_comm/build/CMakeFiles/CMakeTmp

Run Build Command:"/usr/bin/make" "cmTryCompileExec4073429525/fast"
make[1]: Entering directory `/home/pedro/quadcopter/rosbuild/px-ros-pkg/px_comm/build/CMakeFiles/CMakeTmp'
/usr/bin/make -f CMakeFiles/cmTryCompileExec4073429525.dir/build.make CMakeFiles/cmTryCompileExec4073429525.dir/build
make[2]: Entering directory `/home/pedro/quadcopter/rosbuild/px-ros-pkg/px_comm/build/CMakeFiles/CMakeTmp'
/usr/bin/cmake -E cmake_progress_report /home/pedro/quadcopter/rosbuild/px-ros-pkg/px_comm/build/CMakeFiles/CMakeTmp/CMakeFiles 1
Building C object CMakeFiles/cmTryCompileExec4073429525.dir/CheckSymbolExists.c.o
/usr/bin/cc    -o CMakeFiles/cmTryCompileExec4073429525.dir/CheckSymbolExists.c.o   -c /home/pedro/quadcopter/rosbuild/px-ros-pkg/px_comm/build/CMakeFiles/CMakeTmp/CheckSymbolExists.c
Linking C executable cmTryCompileExec4073429525
/usr/bin/cmake -E cmake_link_script CMakeFiles/cmTryCompileExec4073429525.dir/link.txt --verbose=1
/usr/bin/cc       CMakeFiles/cmTryCompileExec4073429525.dir/CheckSymbolExists.c.o  -o cmTryCompileExec4073429525 -rdynamic 
CMakeFiles/cmTryCompileExec4073429525.dir/CheckSymbolExists.c.o: In function `main':
CheckSymbolExists.c:(.text+0x16): undefined reference to `pthread_create'
collect2: error: ld returned 1 exit status
make[2]: Leaving directory `/home/pedro/quadcopter/rosbuild/px-ros-pkg/px_comm/build/CMakeFiles/CMakeTmp'
make[1]: Leaving directory `/home/pedro/quadcopter/rosbuild/px-ros-pkg/px_comm/build/CMakeFiles/CMakeTmp'
make[2]: *** [cmTryCompileExec4073429525] Error 1
make[1]: *** [cmTryCompileExec4073429525/fast] Error 2

File /home/pedro/quadcopter/rosbuild/px-ros-pkg/px_comm/build/CMakeFiles/CMakeTmp/CheckSymbolExists.c:
/* */
#include <pthread.h>

int main(int argc, char** argv)
{
  (void)argv;
#ifndef pthread_create
  return ((int*)(&pthread_create))[argc];
#else
  (void)argc;
  return 0;
#endif
}

Determining if the function pthread_create exists in the pthreads failed with the following output:
Change Dir: /home/pedro/quadcopter/rosbuild/px-ros-pkg/px_comm/build/CMakeFiles/CMakeTmp

Run Build Command:"/usr/bin/make" "cmTryCompileExec3138906619/fast"
make[1]: Entering directory `/home/pedro/quadcopter/rosbuild/px-ros-pkg/px_comm/build/CMakeFiles/CMakeTmp'
/usr/bin/make -f CMakeFiles/cmTryCompileExec3138906619.dir/build.make CMakeFiles/cmTryCompileExec3138906619.dir/build
make[2]: Entering directory `/home/pedro/quadcopter/rosbuild/px-ros-pkg/px_comm/build/CMakeFiles/CMakeTmp'
/usr/bin/cmake -E cmake_progress_report /home/pedro/quadcopter/rosbuild/px-ros-pkg/px_comm/build/CMakeFiles/CMakeTmp/CMakeFiles 1
Building C object CMakeFiles/cmTryCompileExec3138906619.dir/CheckFunctionExists.c.o
/usr/bin/cc   -DCHECK_FUNCTION_EXISTS=pthread_create   -o CMakeFiles/cmTryCompileExec3138906619.dir/CheckFunctionExists.c.o   -c /usr/share/cmake-3.2/Modules/CheckFunctionExists.c
Linking C executable cmTryCompileExec3138906619
/usr/bin/cmake -E cmake_link_script CMakeFiles/cmTryCompileExec3138906619.dir/link.txt --verbose=1
/usr/bin/cc   -DCHECK_FUNCTION_EXISTS=pthread_create    CMakeFiles/cmTryCompileExec3138906619.dir/CheckFunctionExists.c.o  -o cmTryCompileExec3138906619 -rdynamic -lpthreads 
/usr/bin/ld: cannot find -lpthreads
make[2]: Leaving directory `/home/pedro/quadcopter/rosbuild/px-ros-pkg/px_comm/build/CMakeFiles/CMakeTmp'
make[1]: Leaving directory `/home/pedro/quadcopter/rosbuild/px-ros-pkg/px_comm/build/CMakeFiles/CMakeTmp'
collect2: error: ld returned 1 exit status
make[2]: *** [cmTryCompileExec3138906619] Error 1
make[1]: *** [cmTryCompileExec3138906619/fast] Error 2


