Determining if the pthread_create exist failed with the following output:
Change Dir: /home/ubuntu/quadcopter/ros/px-ros-pkg-rosbuild/px_comm/build/CMakeFiles/CMakeTmp

Run Build Command:/usr/bin/make "cmTryCompileExec2900529933/fast"
make[1]: Entering directory `/home/ubuntu/quadcopter/ros/px-ros-pkg-rosbuild/px_comm/build/CMakeFiles/CMakeTmp'
/usr/bin/make -f CMakeFiles/cmTryCompileExec2900529933.dir/build.make CMakeFiles/cmTryCompileExec2900529933.dir/build
make[2]: Entering directory `/home/ubuntu/quadcopter/ros/px-ros-pkg-rosbuild/px_comm/build/CMakeFiles/CMakeTmp'
/usr/bin/cmake -E cmake_progress_report /home/ubuntu/quadcopter/ros/px-ros-pkg-rosbuild/px_comm/build/CMakeFiles/CMakeTmp/CMakeFiles 1
Building C object CMakeFiles/cmTryCompileExec2900529933.dir/CheckSymbolExists.c.o
/usr/bin/cc    -o CMakeFiles/cmTryCompileExec2900529933.dir/CheckSymbolExists.c.o   -c /home/ubuntu/quadcopter/ros/px-ros-pkg-rosbuild/px_comm/build/CMakeFiles/CMakeTmp/CheckSymbolExists.c
Linking C executable cmTryCompileExec2900529933
/usr/bin/cmake -E cmake_link_script CMakeFiles/cmTryCompileExec2900529933.dir/link.txt --verbose=1
/usr/bin/cc       CMakeFiles/cmTryCompileExec2900529933.dir/CheckSymbolExists.c.o  -o cmTryCompileExec2900529933 -rdynamic 
CMakeFiles/cmTryCompileExec2900529933.dir/CheckSymbolExists.c.o: In function `main':
CheckSymbolExists.c:(.text+0xe): undefined reference to `pthread_create'
CheckSymbolExists.c:(.text+0x12): undefined reference to `pthread_create'
make[2]: Leaving directory `/home/ubuntu/quadcopter/ros/px-ros-pkg-rosbuild/px_comm/build/CMakeFiles/CMakeTmp'
make[1]: Leaving directory `/home/ubuntu/quadcopter/ros/px-ros-pkg-rosbuild/px_comm/build/CMakeFiles/CMakeTmp'
collect2: error: ld returned 1 exit status
make[2]: *** [cmTryCompileExec2900529933] Error 1
make[1]: *** [cmTryCompileExec2900529933/fast] Error 2

File /home/ubuntu/quadcopter/ros/px-ros-pkg-rosbuild/px_comm/build/CMakeFiles/CMakeTmp/CheckSymbolExists.c:
/* */
#include <pthread.h>

int main(int argc, char** argv)
{
  (void)argv;
#ifndef pthread_create
  return ((int*)(&pthread_create))[argc];
#else
  (void)argc;
  return 0;
#endif
}

Determining if the function pthread_create exists in the pthreads failed with the following output:
Change Dir: /home/ubuntu/quadcopter/ros/px-ros-pkg-rosbuild/px_comm/build/CMakeFiles/CMakeTmp

Run Build Command:/usr/bin/make "cmTryCompileExec528117080/fast"
make[1]: Entering directory `/home/ubuntu/quadcopter/ros/px-ros-pkg-rosbuild/px_comm/build/CMakeFiles/CMakeTmp'
/usr/bin/make -f CMakeFiles/cmTryCompileExec528117080.dir/build.make CMakeFiles/cmTryCompileExec528117080.dir/build
make[2]: Entering directory `/home/ubuntu/quadcopter/ros/px-ros-pkg-rosbuild/px_comm/build/CMakeFiles/CMakeTmp'
/usr/bin/cmake -E cmake_progress_report /home/ubuntu/quadcopter/ros/px-ros-pkg-rosbuild/px_comm/build/CMakeFiles/CMakeTmp/CMakeFiles 1
Building C object CMakeFiles/cmTryCompileExec528117080.dir/CheckFunctionExists.c.o
/usr/bin/cc   -DCHECK_FUNCTION_EXISTS=pthread_create   -o CMakeFiles/cmTryCompileExec528117080.dir/CheckFunctionExists.c.o   -c /usr/share/cmake-2.8/Modules/CheckFunctionExists.c
Linking C executable cmTryCompileExec528117080
/usr/bin/cmake -E cmake_link_script CMakeFiles/cmTryCompileExec528117080.dir/link.txt --verbose=1
/usr/bin/cc   -DCHECK_FUNCTION_EXISTS=pthread_create    CMakeFiles/cmTryCompileExec528117080.dir/CheckFunctionExists.c.o  -o cmTryCompileExec528117080 -rdynamic -lpthreads 
/usr/bin/ld: cannot find -lpthreads
collect2: error: ld returned 1 exit status
make[2]: Leaving directory `/home/ubuntu/quadcopter/ros/px-ros-pkg-rosbuild/px_comm/build/CMakeFiles/CMakeTmp'
make[1]: Leaving directory `/home/ubuntu/quadcopter/ros/px-ros-pkg-rosbuild/px_comm/build/CMakeFiles/CMakeTmp'
make[2]: *** [cmTryCompileExec528117080] Error 1
make[1]: *** [cmTryCompileExec528117080/fast] Error 2


Determining if the pthread_create exist failed with the following output:
Change Dir: /home/pedro/ros/px-ros-pkg-rosbuild/px_comm/build/CMakeFiles/CMakeTmp

Run Build Command:"/usr/bin/make" "cmTryCompileExec4142895008/fast"
make[1]: Entering directory `/home/pedro/ros/px-ros-pkg-rosbuild/px_comm/build/CMakeFiles/CMakeTmp'
/usr/bin/make -f CMakeFiles/cmTryCompileExec4142895008.dir/build.make CMakeFiles/cmTryCompileExec4142895008.dir/build
make[2]: Entering directory `/home/pedro/ros/px-ros-pkg-rosbuild/px_comm/build/CMakeFiles/CMakeTmp'
/usr/bin/cmake -E cmake_progress_report /home/pedro/ros/px-ros-pkg-rosbuild/px_comm/build/CMakeFiles/CMakeTmp/CMakeFiles 1
Building C object CMakeFiles/cmTryCompileExec4142895008.dir/CheckSymbolExists.c.o
/usr/bin/cc    -o CMakeFiles/cmTryCompileExec4142895008.dir/CheckSymbolExists.c.o   -c /home/pedro/ros/px-ros-pkg-rosbuild/px_comm/build/CMakeFiles/CMakeTmp/CheckSymbolExists.c
Linking C executable cmTryCompileExec4142895008
/usr/bin/cmake -E cmake_link_script CMakeFiles/cmTryCompileExec4142895008.dir/link.txt --verbose=1
/usr/bin/cc       CMakeFiles/cmTryCompileExec4142895008.dir/CheckSymbolExists.c.o  -o cmTryCompileExec4142895008 -rdynamic 
CMakeFiles/cmTryCompileExec4142895008.dir/CheckSymbolExists.c.o: In function `main':
CheckSymbolExists.c:(.text+0x16): undefined reference to `pthread_create'
collect2: error: ld returned 1 exit status
make[2]: Leaving directory `/home/pedro/ros/px-ros-pkg-rosbuild/px_comm/build/CMakeFiles/CMakeTmp'
make[1]: Leaving directory `/home/pedro/ros/px-ros-pkg-rosbuild/px_comm/build/CMakeFiles/CMakeTmp'
make[2]: *** [cmTryCompileExec4142895008] Error 1
make[1]: *** [cmTryCompileExec4142895008/fast] Error 2

File /home/pedro/ros/px-ros-pkg-rosbuild/px_comm/build/CMakeFiles/CMakeTmp/CheckSymbolExists.c:
/* */
#include <pthread.h>

int main(int argc, char** argv)
{
  (void)argv;
#ifndef pthread_create
  return ((int*)(&pthread_create))[argc];
#else
  (void)argc;
  return 0;
#endif
}

Determining if the function pthread_create exists in the pthreads failed with the following output:
Change Dir: /home/pedro/ros/px-ros-pkg-rosbuild/px_comm/build/CMakeFiles/CMakeTmp

Run Build Command:"/usr/bin/make" "cmTryCompileExec3464378059/fast"
make[1]: Entering directory `/home/pedro/ros/px-ros-pkg-rosbuild/px_comm/build/CMakeFiles/CMakeTmp'
/usr/bin/make -f CMakeFiles/cmTryCompileExec3464378059.dir/build.make CMakeFiles/cmTryCompileExec3464378059.dir/build
make[2]: Entering directory `/home/pedro/ros/px-ros-pkg-rosbuild/px_comm/build/CMakeFiles/CMakeTmp'
/usr/bin/cmake -E cmake_progress_report /home/pedro/ros/px-ros-pkg-rosbuild/px_comm/build/CMakeFiles/CMakeTmp/CMakeFiles 1
Building C object CMakeFiles/cmTryCompileExec3464378059.dir/CheckFunctionExists.c.o
/usr/bin/cc   -DCHECK_FUNCTION_EXISTS=pthread_create   -o CMakeFiles/cmTryCompileExec3464378059.dir/CheckFunctionExists.c.o   -c /usr/share/cmake-3.2/Modules/CheckFunctionExists.c
Linking C executable cmTryCompileExec3464378059
/usr/bin/cmake -E cmake_link_script CMakeFiles/cmTryCompileExec3464378059.dir/link.txt --verbose=1
/usr/bin/cc   -DCHECK_FUNCTION_EXISTS=pthread_create    CMakeFiles/cmTryCompileExec3464378059.dir/CheckFunctionExists.c.o  -o cmTryCompileExec3464378059 -rdynamic -lpthreads 
/usr/bin/ld: cannot find -lpthreads
collect2: error: ld returned 1 exit status
make[2]: Leaving directory `/home/pedro/ros/px-ros-pkg-rosbuild/px_comm/build/CMakeFiles/CMakeTmp'
make[1]: Leaving directory `/home/pedro/ros/px-ros-pkg-rosbuild/px_comm/build/CMakeFiles/CMakeTmp'
make[2]: *** [cmTryCompileExec3464378059] Error 1
make[1]: *** [cmTryCompileExec3464378059/fast] Error 2


