Determining if the pthread_create exist failed with the following output:
Change Dir: /home/pedro/quadcopter/ros/cam/build/CMakeFiles/CMakeTmp

Run Build Command:"/usr/bin/make" "cmTryCompileExec961683627/fast"
make[1]: Entering directory `/home/pedro/quadcopter/ros/cam/build/CMakeFiles/CMakeTmp'
/usr/bin/make -f CMakeFiles/cmTryCompileExec961683627.dir/build.make CMakeFiles/cmTryCompileExec961683627.dir/build
make[2]: Entering directory `/home/pedro/quadcopter/ros/cam/build/CMakeFiles/CMakeTmp'
/usr/bin/cmake -E cmake_progress_report /home/pedro/quadcopter/ros/cam/build/CMakeFiles/CMakeTmp/CMakeFiles 1
Building C object CMakeFiles/cmTryCompileExec961683627.dir/CheckSymbolExists.c.o
/usr/bin/cc    -o CMakeFiles/cmTryCompileExec961683627.dir/CheckSymbolExists.c.o   -c /home/pedro/quadcopter/ros/cam/build/CMakeFiles/CMakeTmp/CheckSymbolExists.c
Linking C executable cmTryCompileExec961683627
/usr/bin/cmake -E cmake_link_script CMakeFiles/cmTryCompileExec961683627.dir/link.txt --verbose=1
/usr/bin/cc       CMakeFiles/cmTryCompileExec961683627.dir/CheckSymbolExists.c.o  -o cmTryCompileExec961683627 -rdynamic 
CMakeFiles/cmTryCompileExec961683627.dir/CheckSymbolExists.c.o: In function `main':
CheckSymbolExists.c:(.text+0x16): undefined reference to `pthread_create'
collect2: error: ld returned 1 exit status
make[2]: Leaving directory `/home/pedro/quadcopter/ros/cam/build/CMakeFiles/CMakeTmp'
make[1]: Leaving directory `/home/pedro/quadcopter/ros/cam/build/CMakeFiles/CMakeTmp'
make[2]: *** [cmTryCompileExec961683627] Error 1
make[1]: *** [cmTryCompileExec961683627/fast] Error 2

File /home/pedro/quadcopter/ros/cam/build/CMakeFiles/CMakeTmp/CheckSymbolExists.c:
/* */
#include <pthread.h>

int main(int argc, char** argv)
{
  (void)argv;
#ifndef pthread_create
  return ((int*)(&pthread_create))[argc];
#else
  (void)argc;
  return 0;
#endif
}

Determining if the function pthread_create exists in the pthreads failed with the following output:
Change Dir: /home/pedro/quadcopter/ros/cam/build/CMakeFiles/CMakeTmp

Run Build Command:"/usr/bin/make" "cmTryCompileExec300394550/fast"
make[1]: Entering directory `/home/pedro/quadcopter/ros/cam/build/CMakeFiles/CMakeTmp'
/usr/bin/make -f CMakeFiles/cmTryCompileExec300394550.dir/build.make CMakeFiles/cmTryCompileExec300394550.dir/build
make[2]: Entering directory `/home/pedro/quadcopter/ros/cam/build/CMakeFiles/CMakeTmp'
/usr/bin/cmake -E cmake_progress_report /home/pedro/quadcopter/ros/cam/build/CMakeFiles/CMakeTmp/CMakeFiles 1
Building C object CMakeFiles/cmTryCompileExec300394550.dir/CheckFunctionExists.c.o
/usr/bin/cc   -DCHECK_FUNCTION_EXISTS=pthread_create   -o CMakeFiles/cmTryCompileExec300394550.dir/CheckFunctionExists.c.o   -c /usr/share/cmake-3.2/Modules/CheckFunctionExists.c
Linking C executable cmTryCompileExec300394550
/usr/bin/cmake -E cmake_link_script CMakeFiles/cmTryCompileExec300394550.dir/link.txt --verbose=1
/usr/bin/cc   -DCHECK_FUNCTION_EXISTS=pthread_create    CMakeFiles/cmTryCompileExec300394550.dir/CheckFunctionExists.c.o  -o cmTryCompileExec300394550 -rdynamic -lpthreads 
/usr/bin/ld: cannot find -lpthreads
collect2: error: ld returned 1 exit status
make[2]: Leaving directory `/home/pedro/quadcopter/ros/cam/build/CMakeFiles/CMakeTmp'
make[1]: Leaving directory `/home/pedro/quadcopter/ros/cam/build/CMakeFiles/CMakeTmp'
make[2]: *** [cmTryCompileExec300394550] Error 1
make[1]: *** [cmTryCompileExec300394550/fast] Error 2


Determining if the Q_WS_WIN exist failed with the following output:
Change Dir: /home/pedro/quadcopter/ros/cam/build/CMakeFiles/CMakeTmp

Run Build Command:"/usr/bin/make" "cmTryCompileExec3993097405/fast"
make[1]: Entering directory `/home/pedro/quadcopter/ros/cam/build/CMakeFiles/CMakeTmp'
/usr/bin/make -f CMakeFiles/cmTryCompileExec3993097405.dir/build.make CMakeFiles/cmTryCompileExec3993097405.dir/build
make[2]: Entering directory `/home/pedro/quadcopter/ros/cam/build/CMakeFiles/CMakeTmp'
/usr/bin/cmake -E cmake_progress_report /home/pedro/quadcopter/ros/cam/build/CMakeFiles/CMakeTmp/CMakeFiles 1
Building CXX object CMakeFiles/cmTryCompileExec3993097405.dir/CheckSymbolExists.cxx.o
/usr/bin/c++    -std=c++11  -I/usr/include/qt4    -o CMakeFiles/cmTryCompileExec3993097405.dir/CheckSymbolExists.cxx.o -c /home/pedro/quadcopter/ros/cam/build/CMakeFiles/CMakeTmp/CheckSymbolExists.cxx
/home/pedro/quadcopter/ros/cam/build/CMakeFiles/CMakeTmp/CheckSymbolExists.cxx: In function ‘int main(int, char**)’:
/home/pedro/quadcopter/ros/cam/build/CMakeFiles/CMakeTmp/CheckSymbolExists.cxx:8:19: error: ‘Q_WS_WIN’ was not declared in this scope
   return ((int*)(&Q_WS_WIN))[argc];
                   ^
make[2]: Leaving directory `/home/pedro/quadcopter/ros/cam/build/CMakeFiles/CMakeTmp'
make[2]: *** [CMakeFiles/cmTryCompileExec3993097405.dir/CheckSymbolExists.cxx.o] Error 1
make[1]: Leaving directory `/home/pedro/quadcopter/ros/cam/build/CMakeFiles/CMakeTmp'
make[1]: *** [cmTryCompileExec3993097405/fast] Error 2

File /home/pedro/quadcopter/ros/cam/build/CMakeFiles/CMakeTmp/CheckSymbolExists.cxx:
/* */
#include <QtCore/qglobal.h>

int main(int argc, char** argv)
{
  (void)argv;
#ifndef Q_WS_WIN
  return ((int*)(&Q_WS_WIN))[argc];
#else
  (void)argc;
  return 0;
#endif
}

Determining if the Q_WS_QWS exist failed with the following output:
Change Dir: /home/pedro/quadcopter/ros/cam/build/CMakeFiles/CMakeTmp

Run Build Command:"/usr/bin/make" "cmTryCompileExec1788674948/fast"
make[1]: Entering directory `/home/pedro/quadcopter/ros/cam/build/CMakeFiles/CMakeTmp'
/usr/bin/make -f CMakeFiles/cmTryCompileExec1788674948.dir/build.make CMakeFiles/cmTryCompileExec1788674948.dir/build
make[2]: Entering directory `/home/pedro/quadcopter/ros/cam/build/CMakeFiles/CMakeTmp'
/usr/bin/cmake -E cmake_progress_report /home/pedro/quadcopter/ros/cam/build/CMakeFiles/CMakeTmp/CMakeFiles 1
Building CXX object CMakeFiles/cmTryCompileExec1788674948.dir/CheckSymbolExists.cxx.o
/usr/bin/c++    -std=c++11  -I/usr/include/qt4    -o CMakeFiles/cmTryCompileExec1788674948.dir/CheckSymbolExists.cxx.o -c /home/pedro/quadcopter/ros/cam/build/CMakeFiles/CMakeTmp/CheckSymbolExists.cxx
/home/pedro/quadcopter/ros/cam/build/CMakeFiles/CMakeTmp/CheckSymbolExists.cxx: In function ‘int main(int, char**)’:
/home/pedro/quadcopter/ros/cam/build/CMakeFiles/CMakeTmp/CheckSymbolExists.cxx:8:19: error: ‘Q_WS_QWS’ was not declared in this scope
   return ((int*)(&Q_WS_QWS))[argc];
                   ^
make[2]: Leaving directory `/home/pedro/quadcopter/ros/cam/build/CMakeFiles/CMakeTmp'
make[2]: *** [CMakeFiles/cmTryCompileExec1788674948.dir/CheckSymbolExists.cxx.o] Error 1
make[1]: Leaving directory `/home/pedro/quadcopter/ros/cam/build/CMakeFiles/CMakeTmp'
make[1]: *** [cmTryCompileExec1788674948/fast] Error 2

File /home/pedro/quadcopter/ros/cam/build/CMakeFiles/CMakeTmp/CheckSymbolExists.cxx:
/* */
#include <QtCore/qglobal.h>

int main(int argc, char** argv)
{
  (void)argv;
#ifndef Q_WS_QWS
  return ((int*)(&Q_WS_QWS))[argc];
#else
  (void)argc;
  return 0;
#endif
}

Determining if the Q_WS_MAC exist failed with the following output:
Change Dir: /home/pedro/quadcopter/ros/cam/build/CMakeFiles/CMakeTmp

Run Build Command:"/usr/bin/make" "cmTryCompileExec365457423/fast"
make[1]: Entering directory `/home/pedro/quadcopter/ros/cam/build/CMakeFiles/CMakeTmp'
/usr/bin/make -f CMakeFiles/cmTryCompileExec365457423.dir/build.make CMakeFiles/cmTryCompileExec365457423.dir/build
make[2]: Entering directory `/home/pedro/quadcopter/ros/cam/build/CMakeFiles/CMakeTmp'
/usr/bin/cmake -E cmake_progress_report /home/pedro/quadcopter/ros/cam/build/CMakeFiles/CMakeTmp/CMakeFiles 1
Building CXX object CMakeFiles/cmTryCompileExec365457423.dir/CheckSymbolExists.cxx.o
/usr/bin/c++    -std=c++11  -I/usr/include/qt4    -o CMakeFiles/cmTryCompileExec365457423.dir/CheckSymbolExists.cxx.o -c /home/pedro/quadcopter/ros/cam/build/CMakeFiles/CMakeTmp/CheckSymbolExists.cxx
/home/pedro/quadcopter/ros/cam/build/CMakeFiles/CMakeTmp/CheckSymbolExists.cxx: In function ‘int main(int, char**)’:
/home/pedro/quadcopter/ros/cam/build/CMakeFiles/CMakeTmp/CheckSymbolExists.cxx:8:19: error: ‘Q_WS_MAC’ was not declared in this scope
   return ((int*)(&Q_WS_MAC))[argc];
                   ^
make[2]: Leaving directory `/home/pedro/quadcopter/ros/cam/build/CMakeFiles/CMakeTmp'
make[2]: *** [CMakeFiles/cmTryCompileExec365457423.dir/CheckSymbolExists.cxx.o] Error 1
make[1]: Leaving directory `/home/pedro/quadcopter/ros/cam/build/CMakeFiles/CMakeTmp'
make[1]: *** [cmTryCompileExec365457423/fast] Error 2

File /home/pedro/quadcopter/ros/cam/build/CMakeFiles/CMakeTmp/CheckSymbolExists.cxx:
/* */
#include <QtCore/qglobal.h>

int main(int argc, char** argv)
{
  (void)argv;
#ifndef Q_WS_MAC
  return ((int*)(&Q_WS_MAC))[argc];
#else
  (void)argc;
  return 0;
#endif
}

