Determining if the pthread_create exist failed with the following output:
Change Dir: /home/pedro/quadcopter/rosbuild/rab3D/build/CMakeFiles/CMakeTmp

Run Build Command:"/usr/bin/make" "cmTryCompileExec3037987038/fast"
make[1]: Entering directory `/home/pedro/quadcopter/rosbuild/rab3D/build/CMakeFiles/CMakeTmp'
/usr/bin/make -f CMakeFiles/cmTryCompileExec3037987038.dir/build.make CMakeFiles/cmTryCompileExec3037987038.dir/build
make[2]: Entering directory `/home/pedro/quadcopter/rosbuild/rab3D/build/CMakeFiles/CMakeTmp'
/usr/bin/cmake -E cmake_progress_report /home/pedro/quadcopter/rosbuild/rab3D/build/CMakeFiles/CMakeTmp/CMakeFiles 1
Building C object CMakeFiles/cmTryCompileExec3037987038.dir/CheckSymbolExists.c.o
/usr/bin/cc    -o CMakeFiles/cmTryCompileExec3037987038.dir/CheckSymbolExists.c.o   -c /home/pedro/quadcopter/rosbuild/rab3D/build/CMakeFiles/CMakeTmp/CheckSymbolExists.c
Linking C executable cmTryCompileExec3037987038
/usr/bin/cmake -E cmake_link_script CMakeFiles/cmTryCompileExec3037987038.dir/link.txt --verbose=1
/usr/bin/cc       CMakeFiles/cmTryCompileExec3037987038.dir/CheckSymbolExists.c.o  -o cmTryCompileExec3037987038 -rdynamic 
CMakeFiles/cmTryCompileExec3037987038.dir/CheckSymbolExists.c.o: In function `main':
CheckSymbolExists.c:(.text+0x16): undefined reference to `pthread_create'
collect2: error: ld returned 1 exit status
make[2]: *** [cmTryCompileExec3037987038] Error 1
make[2]: Leaving directory `/home/pedro/quadcopter/rosbuild/rab3D/build/CMakeFiles/CMakeTmp'
make[1]: Leaving directory `/home/pedro/quadcopter/rosbuild/rab3D/build/CMakeFiles/CMakeTmp'
make[1]: *** [cmTryCompileExec3037987038/fast] Error 2

File /home/pedro/quadcopter/rosbuild/rab3D/build/CMakeFiles/CMakeTmp/CheckSymbolExists.c:
/* */
#include <pthread.h>

int main(int argc, char** argv)
{
  (void)argv;
#ifndef pthread_create
  return ((int*)(&pthread_create))[argc];
#else
  (void)argc;
  return 0;
#endif
}

Determining if the function pthread_create exists in the pthreads failed with the following output:
Change Dir: /home/pedro/quadcopter/rosbuild/rab3D/build/CMakeFiles/CMakeTmp

Run Build Command:"/usr/bin/make" "cmTryCompileExec3864338861/fast"
make[1]: Entering directory `/home/pedro/quadcopter/rosbuild/rab3D/build/CMakeFiles/CMakeTmp'
/usr/bin/make -f CMakeFiles/cmTryCompileExec3864338861.dir/build.make CMakeFiles/cmTryCompileExec3864338861.dir/build
make[2]: Entering directory `/home/pedro/quadcopter/rosbuild/rab3D/build/CMakeFiles/CMakeTmp'
/usr/bin/cmake -E cmake_progress_report /home/pedro/quadcopter/rosbuild/rab3D/build/CMakeFiles/CMakeTmp/CMakeFiles 1
Building C object CMakeFiles/cmTryCompileExec3864338861.dir/CheckFunctionExists.c.o
/usr/bin/cc   -DCHECK_FUNCTION_EXISTS=pthread_create   -o CMakeFiles/cmTryCompileExec3864338861.dir/CheckFunctionExists.c.o   -c /usr/share/cmake-3.2/Modules/CheckFunctionExists.c
Linking C executable cmTryCompileExec3864338861
/usr/bin/cmake -E cmake_link_script CMakeFiles/cmTryCompileExec3864338861.dir/link.txt --verbose=1
/usr/bin/cc   -DCHECK_FUNCTION_EXISTS=pthread_create    CMakeFiles/cmTryCompileExec3864338861.dir/CheckFunctionExists.c.o  -o cmTryCompileExec3864338861 -rdynamic -lpthreads 
/usr/bin/ld: cannot find -lpthreads
collect2: error: ld returned 1 exit status
make[2]: Leaving directory `/home/pedro/quadcopter/rosbuild/rab3D/build/CMakeFiles/CMakeTmp'
make[1]: Leaving directory `/home/pedro/quadcopter/rosbuild/rab3D/build/CMakeFiles/CMakeTmp'
make[2]: *** [cmTryCompileExec3864338861] Error 1
make[1]: *** [cmTryCompileExec3864338861/fast] Error 2


