Determining if the pthread_create exist failed with the following output:
Change Dir: /home/pedro/ros/height_quad/build/CMakeFiles/CMakeTmp

Run Build Command:"/usr/bin/make" "cmTryCompileExec711441520/fast"
make[1]: Entering directory `/home/pedro/ros/height_quad/build/CMakeFiles/CMakeTmp'
/usr/bin/make -f CMakeFiles/cmTryCompileExec711441520.dir/build.make CMakeFiles/cmTryCompileExec711441520.dir/build
make[2]: Entering directory `/home/pedro/ros/height_quad/build/CMakeFiles/CMakeTmp'
/usr/bin/cmake -E cmake_progress_report /home/pedro/ros/height_quad/build/CMakeFiles/CMakeTmp/CMakeFiles 1
Building C object CMakeFiles/cmTryCompileExec711441520.dir/CheckSymbolExists.c.o
/usr/bin/cc    -o CMakeFiles/cmTryCompileExec711441520.dir/CheckSymbolExists.c.o   -c /home/pedro/ros/height_quad/build/CMakeFiles/CMakeTmp/CheckSymbolExists.c
Linking C executable cmTryCompileExec711441520
/usr/bin/cmake -E cmake_link_script CMakeFiles/cmTryCompileExec711441520.dir/link.txt --verbose=1
/usr/bin/cc       CMakeFiles/cmTryCompileExec711441520.dir/CheckSymbolExists.c.o  -o cmTryCompileExec711441520 -rdynamic 
CMakeFiles/cmTryCompileExec711441520.dir/CheckSymbolExists.c.o: In function `main':
CheckSymbolExists.c:(.text+0x16): undefined reference to `pthread_create'
collect2: error: ld returned 1 exit status
make[2]: Leaving directory `/home/pedro/ros/height_quad/build/CMakeFiles/CMakeTmp'
make[1]: Leaving directory `/home/pedro/ros/height_quad/build/CMakeFiles/CMakeTmp'
make[2]: *** [cmTryCompileExec711441520] Error 1
make[1]: *** [cmTryCompileExec711441520/fast] Error 2

File /home/pedro/ros/height_quad/build/CMakeFiles/CMakeTmp/CheckSymbolExists.c:
/* */
#include <pthread.h>

int main(int argc, char** argv)
{
  (void)argv;
#ifndef pthread_create
  return ((int*)(&pthread_create))[argc];
#else
  (void)argc;
  return 0;
#endif
}

Determining if the function pthread_create exists in the pthreads failed with the following output:
Change Dir: /home/pedro/ros/height_quad/build/CMakeFiles/CMakeTmp

Run Build Command:"/usr/bin/make" "cmTryCompileExec891336175/fast"
make[1]: Entering directory `/home/pedro/ros/height_quad/build/CMakeFiles/CMakeTmp'
/usr/bin/make -f CMakeFiles/cmTryCompileExec891336175.dir/build.make CMakeFiles/cmTryCompileExec891336175.dir/build
make[2]: Entering directory `/home/pedro/ros/height_quad/build/CMakeFiles/CMakeTmp'
/usr/bin/cmake -E cmake_progress_report /home/pedro/ros/height_quad/build/CMakeFiles/CMakeTmp/CMakeFiles 1
Building C object CMakeFiles/cmTryCompileExec891336175.dir/CheckFunctionExists.c.o
/usr/bin/cc   -DCHECK_FUNCTION_EXISTS=pthread_create   -o CMakeFiles/cmTryCompileExec891336175.dir/CheckFunctionExists.c.o   -c /usr/share/cmake-3.2/Modules/CheckFunctionExists.c
Linking C executable cmTryCompileExec891336175
/usr/bin/cmake -E cmake_link_script CMakeFiles/cmTryCompileExec891336175.dir/link.txt --verbose=1
/usr/bin/cc   -DCHECK_FUNCTION_EXISTS=pthread_create    CMakeFiles/cmTryCompileExec891336175.dir/CheckFunctionExists.c.o  -o cmTryCompileExec891336175 -rdynamic -lpthreads 
/usr/bin/ld: cannot find -lpthreads
collect2: error: ld returned 1 exit status
make[2]: Leaving directory `/home/pedro/ros/height_quad/build/CMakeFiles/CMakeTmp'
make[1]: Leaving directory `/home/pedro/ros/height_quad/build/CMakeFiles/CMakeTmp'
make[2]: *** [cmTryCompileExec891336175] Error 1
make[1]: *** [cmTryCompileExec891336175/fast] Error 2


