Determining if the pthread_create exist failed with the following output:
Change Dir: /home/pedro/ros/height/build/CMakeFiles/CMakeTmp

Run Build Command:"/usr/bin/make" "cmTryCompileExec4082233211/fast"
make[1]: Entering directory `/home/pedro/ros/height/build/CMakeFiles/CMakeTmp'
/usr/bin/make -f CMakeFiles/cmTryCompileExec4082233211.dir/build.make CMakeFiles/cmTryCompileExec4082233211.dir/build
make[2]: Entering directory `/home/pedro/ros/height/build/CMakeFiles/CMakeTmp'
/usr/bin/cmake -E cmake_progress_report /home/pedro/ros/height/build/CMakeFiles/CMakeTmp/CMakeFiles 1
Building C object CMakeFiles/cmTryCompileExec4082233211.dir/CheckSymbolExists.c.o
/usr/bin/cc    -o CMakeFiles/cmTryCompileExec4082233211.dir/CheckSymbolExists.c.o   -c /home/pedro/ros/height/build/CMakeFiles/CMakeTmp/CheckSymbolExists.c
Linking C executable cmTryCompileExec4082233211
/usr/bin/cmake -E cmake_link_script CMakeFiles/cmTryCompileExec4082233211.dir/link.txt --verbose=1
/usr/bin/cc       CMakeFiles/cmTryCompileExec4082233211.dir/CheckSymbolExists.c.o  -o cmTryCompileExec4082233211 -rdynamic 
CMakeFiles/cmTryCompileExec4082233211.dir/CheckSymbolExists.c.o: In function `main':
CheckSymbolExists.c:(.text+0x16): undefined reference to `pthread_create'
collect2: error: ld returned 1 exit status
make[2]: Leaving directory `/home/pedro/ros/height/build/CMakeFiles/CMakeTmp'
make[1]: Leaving directory `/home/pedro/ros/height/build/CMakeFiles/CMakeTmp'
make[2]: *** [cmTryCompileExec4082233211] Error 1
make[1]: *** [cmTryCompileExec4082233211/fast] Error 2

File /home/pedro/ros/height/build/CMakeFiles/CMakeTmp/CheckSymbolExists.c:
/* */
#include <pthread.h>

int main(int argc, char** argv)
{
  (void)argv;
#ifndef pthread_create
  return ((int*)(&pthread_create))[argc];
#else
  (void)argc;
  return 0;
#endif
}

Determining if the function pthread_create exists in the pthreads failed with the following output:
Change Dir: /home/pedro/ros/height/build/CMakeFiles/CMakeTmp

Run Build Command:"/usr/bin/make" "cmTryCompileExec1635546798/fast"
make[1]: Entering directory `/home/pedro/ros/height/build/CMakeFiles/CMakeTmp'
/usr/bin/make -f CMakeFiles/cmTryCompileExec1635546798.dir/build.make CMakeFiles/cmTryCompileExec1635546798.dir/build
make[2]: Entering directory `/home/pedro/ros/height/build/CMakeFiles/CMakeTmp'
/usr/bin/cmake -E cmake_progress_report /home/pedro/ros/height/build/CMakeFiles/CMakeTmp/CMakeFiles 1
Building C object CMakeFiles/cmTryCompileExec1635546798.dir/CheckFunctionExists.c.o
/usr/bin/cc   -DCHECK_FUNCTION_EXISTS=pthread_create   -o CMakeFiles/cmTryCompileExec1635546798.dir/CheckFunctionExists.c.o   -c /usr/share/cmake-3.2/Modules/CheckFunctionExists.c
Linking C executable cmTryCompileExec1635546798
/usr/bin/cmake -E cmake_link_script CMakeFiles/cmTryCompileExec1635546798.dir/link.txt --verbose=1
/usr/bin/cc   -DCHECK_FUNCTION_EXISTS=pthread_create    CMakeFiles/cmTryCompileExec1635546798.dir/CheckFunctionExists.c.o  -o cmTryCompileExec1635546798 -rdynamic -lpthreads 
/usr/bin/ld: cannot find -lpthreads
collect2: error: ld returned 1 exit status
make[2]: Leaving directory `/home/pedro/ros/height/build/CMakeFiles/CMakeTmp'
make[1]: Leaving directory `/home/pedro/ros/height/build/CMakeFiles/CMakeTmp'
make[2]: *** [cmTryCompileExec1635546798] Error 1
make[1]: *** [cmTryCompileExec1635546798/fast] Error 2


