Determining if the pthread_create exist failed with the following output:
Change Dir: /home/pedro/catkin/build/CMakeFiles/CMakeTmp

Run Build Command:"/usr/bin/make" "cmTryCompileExec54307282/fast"
/usr/bin/make -f CMakeFiles/cmTryCompileExec54307282.dir/build.make CMakeFiles/cmTryCompileExec54307282.dir/build
make[1]: Entering directory `/home/pedro/catkin/build/CMakeFiles/CMakeTmp'
/usr/bin/cmake -E cmake_progress_report /home/pedro/catkin/build/CMakeFiles/CMakeTmp/CMakeFiles 1
Building C object CMakeFiles/cmTryCompileExec54307282.dir/CheckSymbolExists.c.o
/usr/bin/cc    -o CMakeFiles/cmTryCompileExec54307282.dir/CheckSymbolExists.c.o   -c /home/pedro/catkin/build/CMakeFiles/CMakeTmp/CheckSymbolExists.c
Linking C executable cmTryCompileExec54307282
/usr/bin/cmake -E cmake_link_script CMakeFiles/cmTryCompileExec54307282.dir/link.txt --verbose=1
/usr/bin/cc       CMakeFiles/cmTryCompileExec54307282.dir/CheckSymbolExists.c.o  -o cmTryCompileExec54307282 -rdynamic 
CMakeFiles/cmTryCompileExec54307282.dir/CheckSymbolExists.c.o: In function `main':
CheckSymbolExists.c:(.text+0x16): undefined reference to `pthread_create'
collect2: error: ld returned 1 exit status
make[1]: Leaving directory `/home/pedro/catkin/build/CMakeFiles/CMakeTmp'
make[1]: *** [cmTryCompileExec54307282] Error 1
make: *** [cmTryCompileExec54307282/fast] Error 2

File /home/pedro/catkin/build/CMakeFiles/CMakeTmp/CheckSymbolExists.c:
/* */
#include <pthread.h>

int main(int argc, char** argv)
{
  (void)argv;
#ifndef pthread_create
  return ((int*)(&pthread_create))[argc];
#else
  (void)argc;
  return 0;
#endif
}

Determining if the function pthread_create exists in the pthreads failed with the following output:
Change Dir: /home/pedro/catkin/build/CMakeFiles/CMakeTmp

Run Build Command:"/usr/bin/make" "cmTryCompileExec1232768532/fast"
/usr/bin/make -f CMakeFiles/cmTryCompileExec1232768532.dir/build.make CMakeFiles/cmTryCompileExec1232768532.dir/build
make[1]: Entering directory `/home/pedro/catkin/build/CMakeFiles/CMakeTmp'
/usr/bin/cmake -E cmake_progress_report /home/pedro/catkin/build/CMakeFiles/CMakeTmp/CMakeFiles 1
Building C object CMakeFiles/cmTryCompileExec1232768532.dir/CheckFunctionExists.c.o
/usr/bin/cc   -DCHECK_FUNCTION_EXISTS=pthread_create   -o CMakeFiles/cmTryCompileExec1232768532.dir/CheckFunctionExists.c.o   -c /usr/share/cmake-3.2/Modules/CheckFunctionExists.c
Linking C executable cmTryCompileExec1232768532
/usr/bin/cmake -E cmake_link_script CMakeFiles/cmTryCompileExec1232768532.dir/link.txt --verbose=1
/usr/bin/cc   -DCHECK_FUNCTION_EXISTS=pthread_create    CMakeFiles/cmTryCompileExec1232768532.dir/CheckFunctionExists.c.o  -o cmTryCompileExec1232768532 -rdynamic -lpthreads 
/usr/bin/ld: cannot find -lpthreads
collect2: error: ld returned 1 exit status
make[1]: Leaving directory `/home/pedro/catkin/build/CMakeFiles/CMakeTmp'
make[1]: *** [cmTryCompileExec1232768532] Error 1
make: *** [cmTryCompileExec1232768532/fast] Error 2


