Determining if the pthread_create exist failed with the following output:
Change Dir: /home/pedro/ros/user_control/build/CMakeFiles/CMakeTmp

Run Build Command:"/usr/bin/make" "cmTryCompileExec420604497/fast"
make[1]: Entering directory `/home/pedro/ros/user_control/build/CMakeFiles/CMakeTmp'
/usr/bin/make -f CMakeFiles/cmTryCompileExec420604497.dir/build.make CMakeFiles/cmTryCompileExec420604497.dir/build
make[2]: Entering directory `/home/pedro/ros/user_control/build/CMakeFiles/CMakeTmp'
/usr/bin/cmake -E cmake_progress_report /home/pedro/ros/user_control/build/CMakeFiles/CMakeTmp/CMakeFiles 1
Building C object CMakeFiles/cmTryCompileExec420604497.dir/CheckSymbolExists.c.o
/usr/bin/cc    -o CMakeFiles/cmTryCompileExec420604497.dir/CheckSymbolExists.c.o   -c /home/pedro/ros/user_control/build/CMakeFiles/CMakeTmp/CheckSymbolExists.c
Linking C executable cmTryCompileExec420604497
/usr/bin/cmake -E cmake_link_script CMakeFiles/cmTryCompileExec420604497.dir/link.txt --verbose=1
/usr/bin/cc       CMakeFiles/cmTryCompileExec420604497.dir/CheckSymbolExists.c.o  -o cmTryCompileExec420604497 -rdynamic 
CMakeFiles/cmTryCompileExec420604497.dir/CheckSymbolExists.c.o: In function `main':
CheckSymbolExists.c:(.text+0x16): undefined reference to `pthread_create'
collect2: error: ld returned 1 exit status
make[2]: Leaving directory `/home/pedro/ros/user_control/build/CMakeFiles/CMakeTmp'
make[1]: Leaving directory `/home/pedro/ros/user_control/build/CMakeFiles/CMakeTmp'
make[2]: *** [cmTryCompileExec420604497] Error 1
make[1]: *** [cmTryCompileExec420604497/fast] Error 2

File /home/pedro/ros/user_control/build/CMakeFiles/CMakeTmp/CheckSymbolExists.c:
/* */
#include <pthread.h>

int main(int argc, char** argv)
{
  (void)argv;
#ifndef pthread_create
  return ((int*)(&pthread_create))[argc];
#else
  (void)argc;
  return 0;
#endif
}

Determining if the function pthread_create exists in the pthreads failed with the following output:
Change Dir: /home/pedro/ros/user_control/build/CMakeFiles/CMakeTmp

Run Build Command:"/usr/bin/make" "cmTryCompileExec2229941835/fast"
make[1]: Entering directory `/home/pedro/ros/user_control/build/CMakeFiles/CMakeTmp'
/usr/bin/make -f CMakeFiles/cmTryCompileExec2229941835.dir/build.make CMakeFiles/cmTryCompileExec2229941835.dir/build
make[2]: Entering directory `/home/pedro/ros/user_control/build/CMakeFiles/CMakeTmp'
/usr/bin/cmake -E cmake_progress_report /home/pedro/ros/user_control/build/CMakeFiles/CMakeTmp/CMakeFiles 1
Building C object CMakeFiles/cmTryCompileExec2229941835.dir/CheckFunctionExists.c.o
/usr/bin/cc   -DCHECK_FUNCTION_EXISTS=pthread_create   -o CMakeFiles/cmTryCompileExec2229941835.dir/CheckFunctionExists.c.o   -c /usr/share/cmake-3.2/Modules/CheckFunctionExists.c
Linking C executable cmTryCompileExec2229941835
/usr/bin/cmake -E cmake_link_script CMakeFiles/cmTryCompileExec2229941835.dir/link.txt --verbose=1
/usr/bin/cc   -DCHECK_FUNCTION_EXISTS=pthread_create    CMakeFiles/cmTryCompileExec2229941835.dir/CheckFunctionExists.c.o  -o cmTryCompileExec2229941835 -rdynamic -lpthreads 
/usr/bin/ld: cannot find -lpthreads
collect2: error: ld returned 1 exit status
make[2]: Leaving directory `/home/pedro/ros/user_control/build/CMakeFiles/CMakeTmp'
make[1]: Leaving directory `/home/pedro/ros/user_control/build/CMakeFiles/CMakeTmp'
make[2]: *** [cmTryCompileExec2229941835] Error 1
make[1]: *** [cmTryCompileExec2229941835/fast] Error 2


